23:33:10.112 [NamespaceSystem-akka.actor.default-dispatcher-5] INFO akka.event.slf4j.Slf4jLogger - Slf4jLogger started
23:33:10.174 [main] INFO com.firebase.server.forge.App$ - Listening at 127.0.0.1:9000
23:33:11.190 [NamespaceSystem-akka.actor.default-dispatcher-8] INFO com.firebase.core.namespace.NamespaceActor - word-war-4 successfully activated FBKV (SurveyIdle(0)) wait: 48ms, init: 0ms
23:33:14.724 [FirebaseWorkerPool-1-4] WARN com.firebase.core.persistence.backend.dummy.EmulatorMetadataPersistence - Multiple projectIds are not recommended in single project mode. Requested 
namespace fake-server, but the emulator is configured for word-war-4. To 
opt-out of single project mode add/set the singleProjectMode: false property in 
the firebase.json emulators config. 
23:33:14.732 [NamespaceSystem-akka.actor.default-dispatcher-5] INFO com.firebase.core.namespace.NamespaceActor - fake-server successfully activated FBKV (SurveyIdle(0)) wait: 3ms, init: 0ms
23:33:14.747 [NamespaceSystem-blocking-namespace-operation-dispatcher-17] INFO com.firebase.core.namespace.StateManager - Namespace fake-server status Active to Active
23:33:14.747 [NamespaceSystem-blocking-namespace-operation-dispatcher-18] INFO com.firebase.core.namespace.StateManager - Namespace word-war-4 status Active to Active
23:33:14.752 [NamespaceSystem-blocking-namespace-operation-dispatcher-17] INFO com.firebase.core.namespace.StateManager - Namespace fake-server status Active to Active
23:33:14.753 [NamespaceSystem-blocking-namespace-operation-dispatcher-18] INFO com.firebase.core.namespace.StateManager - Namespace word-war-4 status Active to Active
23:33:25.319 [FirebaseWorkerPool-1-1] WARN com.firebase.core.persistence.backend.dummy.EmulatorMetadataPersistence - Multiple projectIds are not recommended in single project mode. Requested 
namespace word-war-4-default-rtdb, but the emulator is configured for fake-server,word-war-4. To 
opt-out of single project mode add/set the singleProjectMode: false property in 
the firebase.json emulators config. 
23:33:25.326 [NamespaceSystem-akka.actor.default-dispatcher-6] INFO com.firebase.core.namespace.NamespaceActor - word-war-4-default-rtdb successfully activated FBKV (SurveyIdle(0)) wait: 3ms, init: 0ms
23:33:25.330 [NamespaceSystem-blocking-namespace-operation-dispatcher-19] INFO com.firebase.core.namespace.StateManager - Namespace word-war-4-default-rtdb status Active to Active
23:43:13.812 [Thread-0] INFO com.firebase.server.forge.App$ - Attempting graceful shutdown.
23:43:13.819 [NamespaceSystem-akka.actor.default-dispatcher-26] INFO com.firebase.core.namespace.Terminator$Terminator - 3 actors left to terminate: fake-server, word-war-4-default-rtdb, word-war-4
23:43:13.822 [NamespaceSystem-akka.actor.default-dispatcher-27] INFO com.firebase.core.namespace.NamespaceActor - stopped namespace actor for fake-server
23:43:13.822 [NamespaceSystem-akka.actor.default-dispatcher-26] INFO com.firebase.core.namespace.NamespaceActor - stopped namespace actor for word-war-4
23:43:13.822 [NamespaceSystem-akka.actor.default-dispatcher-28] INFO com.firebase.core.namespace.NamespaceActor - stopped namespace actor for word-war-4-default-rtdb
23:43:13.827 [Thread-0] INFO com.firebase.server.forge.App$ - Graceful shutdown complete.
